db.albums.aggregate(
    { $unwind : "$images"},
    { $unwind : "$tags" },
    { $match : { 'tags' : "sunrises" } },
    {$group:{_id: '$images', count:{$sum:1}}})

    { $match: {images: {$in: {'tags': 'sunrise'}} } },



db.albums.aggregate(
    { $unwind : "$images" },
    { $match: {'images.tags': "sunrise"} },
    { $group: {
        _id : null,
        sum : {$sum : '$images'},
        count : {$sum : 1}
    }
    }
)


    { $match: {tracks: {$elemMatch: {'language': 'en'}} } },


db.albums.aggregate(
        { $match: {images: {$in: {'tags': 'sunrise'}} } },
   { $unwind : "$images"},
    { $match : { 'tags' : "sunrises" } },
    {$group:{_id: '$images', count:{$sum:1}}})

    {$unwind: '$images'}, 
    {$group:{_id: '$images'}},
    { $unwind : "$tags" },
    { $match : { 'tags' : "sunrises" } },
    {$project:
     {tmp:{tag:'$_id', count:'$count'}}}, 
    {$group:{_id:null, total:{$sum:1}, data:{$addToSet:'$tmp'}}}
)


db.albums.aggregate(
    { $project : {
        tags : 1
    }},
    {$unwind: "$images"}, 
    { $unwind : "$tags" },
    { $match : { 'tags' : "sunrises" } }
);



    {$group:{'_id':'$images'},
     sum : {$sum : '$images'},
     count : {$sum : 1}}])




    { $group: {
        _id : null,
        sum : {$sum : '$images'},
        count : {$sum : 1}
    }
    }
)

db.posts.aggregate( [   { $project : { 'comments.author': 1 } },   { $unwind : "$comments" },   { $group : {     _id : { comments : "$comments" },     n : { $sum : 1 }     }   }, { $sort: {"n": -1} } ] )
