>>> mongoimport -d campus -c grades < hw5-3/grades_5-3.js                                
connected to: 127.0.0.1
Mon Apr  1 14:42:43 imported 280 objects

> use campus
switched to db campus
> db.grades.aggregate([
... {
... "$unwind": "$scores"
... },
... {
... "$match": {
... "scores.type": {
... "$in": ["exam", "homework"]
... }
... }
... },
... {
... "$group": {
... _id: {"student_id": "$student_id", "class_id": "$class_id"},
... sGPA: {"$avg": "$scores.score"}
... }
... },
... {
... "$group": {
... _id: {"class_id": "$_id.class_id"},
... cGPA: {"$avg": "$sGPA"}
... }
... }
... ,
... {"$sort":{cGPA:-1}}
... ])
{
	"result" : [
		{
			"_id" : {
				"class_id" : 1
			},
			"cGPA" : 64.50642324269175
		},
		{
			"_id" : {
				"class_id" : 5
			},
			"cGPA" : 58.08448767613548
		},
		{
			"_id" : {
				"class_id" : 20
			},
			"cGPA" : 57.6309834548989
		},
		{
			"_id" : {
				"class_id" : 26
			},
			"cGPA" : 56.06918278769095
		},
		{
			"_id" : {
				"class_id" : 9
			},
			"cGPA" : 55.56861693456625
		},
		{
			"_id" : {
				"class_id" : 14
			},
			"cGPA" : 55.36017373346245
		},
		{
			"_id" : {
				"class_id" : 24
			},
			"cGPA" : 53.6103459780166
		},
		{
			"_id" : {
				"class_id" : 16
			},
			"cGPA" : 53.45833539362425
		},
		{
			"_id" : {
				"class_id" : 13
			},
			"cGPA" : 52.738286239952366
		},
		{
			"_id" : {
				"class_id" : 4
			},
			"cGPA" : 52.65541561065859
		},
		{
			"_id" : {
				"class_id" : 17
			},
			"cGPA" : 52.42469177746091
		},
		{
			"_id" : {
				"class_id" : 23
			},
			"cGPA" : 51.932848307630394
		},
		{
			"_id" : {
				"class_id" : 3
			},
			"cGPA" : 51.7742498662982
		},
		{
			"_id" : {
				"class_id" : 0
			},
			"cGPA" : 50.64317695848949
		},
		{
			"_id" : {
				"class_id" : 19
			},
			"cGPA" : 50.590719286350925
		},
		{
			"_id" : {
				"class_id" : 27
			},
			"cGPA" : 50.58111308566053
		},
		{
			"_id" : {
				"class_id" : 11
			},
			"cGPA" : 49.952812365344215
		},
		{
			"_id" : {
				"class_id" : 29
			},
			"cGPA" : 49.305440602697246
		},
		{
			"_id" : {
				"class_id" : 7
			},
			"cGPA" : 48.87708798013475
		},
		{
			"_id" : {
				"class_id" : 6
			},
			"cGPA" : 48.414852429568235
		},
		{
			"_id" : {
				"class_id" : 10
			},
			"cGPA" : 47.66346217328063
		},
		{
			"_id" : {
				"class_id" : 15
			},
			"cGPA" : 47.2200946663058
		},
		{
			"_id" : {
				"class_id" : 21
			},
			"cGPA" : 45.41539323359456
		},
		{
			"_id" : {
				"class_id" : 25
			},
			"cGPA" : 43.998820032401284
		},
		{
			"_id" : {
				"class_id" : 22
			},
			"cGPA" : 43.477605420896786
		},
		{
			"_id" : {
				"class_id" : 18
			},
			"cGPA" : 43.40692681712815
		},
		{
			"_id" : {
				"class_id" : 30
			},
			"cGPA" : 42.71200726236122
		},
		{
			"_id" : {
				"class_id" : 28
			},
			"cGPA" : 41.598248013972864
		},
		{
			"_id" : {
				"class_id" : 8
			},
			"cGPA" : 41.30388381000018
		},
		{
			"_id" : {
				"class_id" : 12
			},
			"cGPA" : 40.62345969481145
		},
		{
			"_id" : {
				"class_id" : 2
			},
			"cGPA" : 37.61742117387635
		}
	],
	"ok" : 1
}
>